mode: set
github.com/christopher/git-lord/internal/metrics/metrics.go:14.71,15.26 1 1
github.com/christopher/git-lord/internal/metrics/metrics.go:15.26,17.3 1 1
github.com/christopher/git-lord/internal/metrics/metrics.go:19.2,19.51 1 1
github.com/christopher/git-lord/internal/metrics/metrics.go:19.51,21.3 1 1
github.com/christopher/git-lord/internal/metrics/metrics.go:23.2,30.39 5 1
github.com/christopher/git-lord/internal/metrics/metrics.go:30.39,32.25 2 1
github.com/christopher/git-lord/internal/metrics/metrics.go:32.25,34.4 1 1
github.com/christopher/git-lord/internal/metrics/metrics.go:34.9,37.4 1 1
github.com/christopher/git-lord/internal/metrics/metrics.go:40.2,41.14 2 1
github.com/christopher/git-lord/internal/metrics/metrics.go:45.46,47.32 2 1
github.com/christopher/git-lord/internal/metrics/metrics.go:47.32,51.3 3 1
github.com/christopher/git-lord/internal/metrics/metrics.go:52.2,52.26 1 1
github.com/christopher/git-lord/internal/format/format.go:23.73,26.35 2 0
github.com/christopher/git-lord/internal/format/format.go:26.35,28.33 2 0
github.com/christopher/git-lord/internal/format/format.go:28.33,30.4 1 0
github.com/christopher/git-lord/internal/format/format.go:31.3,31.37 1 0
github.com/christopher/git-lord/internal/format/format.go:31.37,33.4 1 0
github.com/christopher/git-lord/internal/format/format.go:34.3,34.35 1 0
github.com/christopher/git-lord/internal/format/format.go:34.35,36.4 1 0
github.com/christopher/git-lord/internal/format/format.go:37.3,37.30 1 0
github.com/christopher/git-lord/internal/format/format.go:40.2,40.46 1 0
github.com/christopher/git-lord/internal/format/format.go:40.46,42.17 1 0
github.com/christopher/git-lord/internal/format/format.go:43.15,44.46 1 0
github.com/christopher/git-lord/internal/format/format.go:45.15,46.42 1 0
github.com/christopher/git-lord/internal/format/format.go:47.14,48.42 1 0
github.com/christopher/git-lord/internal/format/format.go:49.14,50.15 1 0
github.com/christopher/git-lord/internal/format/format.go:51.11,52.38 1 0
github.com/christopher/git-lord/internal/format/format.go:56.2,56.14 1 0
github.com/christopher/git-lord/internal/format/format.go:60.83,63.13 2 0
github.com/christopher/git-lord/internal/format/format.go:63.13,65.3 1 0
github.com/christopher/git-lord/internal/format/format.go:65.8,67.3 1 0
github.com/christopher/git-lord/internal/format/format.go:69.2,69.26 1 0
github.com/christopher/git-lord/internal/format/format.go:69.26,71.14 2 0
github.com/christopher/git-lord/internal/format/format.go:71.14,74.4 1 0
github.com/christopher/git-lord/internal/format/format.go:74.9,77.4 1 0
github.com/christopher/git-lord/internal/format/format.go:80.2,81.13 2 0
github.com/christopher/git-lord/internal/format/format.go:81.13,84.3 1 0
github.com/christopher/git-lord/internal/format/format.go:84.8,87.3 1 0
github.com/christopher/git-lord/internal/format/format.go:88.2,88.15 1 0
github.com/christopher/git-lord/internal/format/format.go:92.74,104.2 4 0
github.com/christopher/git-lord/internal/format/format.go:107.55,110.13 3 0
github.com/christopher/git-lord/internal/format/format.go:110.13,112.3 1 0
github.com/christopher/git-lord/internal/format/format.go:112.8,114.3 1 0
github.com/christopher/git-lord/internal/format/format.go:115.2,115.40 1 0
github.com/christopher/git-lord/internal/format/format.go:115.40,117.3 1 0
github.com/christopher/git-lord/internal/format/format.go:119.2,119.26 1 0
github.com/christopher/git-lord/internal/format/format.go:119.26,122.14 3 0
github.com/christopher/git-lord/internal/format/format.go:122.14,130.4 1 0
github.com/christopher/git-lord/internal/format/format.go:130.9,140.4 1 0
github.com/christopher/git-lord/internal/format/format.go:141.3,141.38 1 0
github.com/christopher/git-lord/internal/format/format.go:141.38,143.4 1 0
github.com/christopher/git-lord/internal/format/format.go:145.2,146.18 2 0
github.com/christopher/git-lord/internal/gitcmd/blame.go:16.51,19.16 3 0
github.com/christopher/git-lord/internal/gitcmd/blame.go:19.16,21.3 1 0
github.com/christopher/git-lord/internal/gitcmd/blame.go:23.2,23.36 1 0
github.com/christopher/git-lord/internal/gitcmd/blame.go:23.36,25.3 1 0
github.com/christopher/git-lord/internal/gitcmd/blame.go:27.2,38.21 6 0
github.com/christopher/git-lord/internal/gitcmd/blame.go:38.21,40.21 2 0
github.com/christopher/git-lord/internal/gitcmd/blame.go:40.21,41.12 1 0
github.com/christopher/git-lord/internal/gitcmd/blame.go:44.3,44.22 1 0
github.com/christopher/git-lord/internal/gitcmd/blame.go:44.22,48.21 2 0
github.com/christopher/git-lord/internal/gitcmd/blame.go:48.21,50.12 2 0
github.com/christopher/git-lord/internal/gitcmd/blame.go:50.12,52.6 1 0
github.com/christopher/git-lord/internal/gitcmd/blame.go:53.5,53.31 1 0
github.com/christopher/git-lord/internal/gitcmd/blame.go:56.4,57.22 2 0
github.com/christopher/git-lord/internal/gitcmd/blame.go:58.9,58.31 1 0
github.com/christopher/git-lord/internal/gitcmd/blame.go:58.31,62.4 2 0
github.com/christopher/git-lord/internal/gitcmd/blame.go:62.9,62.48 1 0
github.com/christopher/git-lord/internal/gitcmd/blame.go:62.48,65.4 2 0
github.com/christopher/git-lord/internal/gitcmd/blame.go:69.2,71.18 2 0
github.com/christopher/git-lord/internal/gitcmd/gitcmd.go:11.26,13.34 2 0
github.com/christopher/git-lord/internal/gitcmd/gitcmd.go:13.34,15.3 1 0
github.com/christopher/git-lord/internal/gitcmd/gitcmd.go:16.2,16.12 1 0
github.com/christopher/git-lord/internal/gitcmd/gitcmd.go:20.43,24.34 4 0
github.com/christopher/git-lord/internal/gitcmd/gitcmd.go:24.34,26.3 1 0
github.com/christopher/git-lord/internal/gitcmd/gitcmd.go:28.2,30.29 3 0
github.com/christopher/git-lord/internal/gitcmd/gitcmd.go:30.29,31.17 1 0
github.com/christopher/git-lord/internal/gitcmd/gitcmd.go:31.17,33.4 1 0
github.com/christopher/git-lord/internal/gitcmd/gitcmd.go:35.2,35.19 1 0
github.com/christopher/git-lord/internal/gitcmd/log.go:21.59,23.17 2 0
github.com/christopher/git-lord/internal/gitcmd/log.go:23.17,25.3 1 0
github.com/christopher/git-lord/internal/gitcmd/log.go:27.2,31.34 4 0
github.com/christopher/git-lord/internal/gitcmd/log.go:31.34,33.3 1 0
github.com/christopher/git-lord/internal/gitcmd/log.go:35.2,37.21 3 0
github.com/christopher/git-lord/internal/gitcmd/log.go:37.21,39.17 2 0
github.com/christopher/git-lord/internal/gitcmd/log.go:39.17,40.12 1 0
github.com/christopher/git-lord/internal/gitcmd/log.go:42.3,43.22 2 0
github.com/christopher/git-lord/internal/gitcmd/log.go:43.22,44.12 1 0
github.com/christopher/git-lord/internal/gitcmd/log.go:47.3,55.5 3 0
github.com/christopher/git-lord/internal/gitcmd/log.go:58.2,58.21 1 0
github.com/christopher/git-lord/internal/processor/processor.go:37.76,40.26 3 0
github.com/christopher/git-lord/internal/processor/processor.go:40.26,42.3 1 0
github.com/christopher/git-lord/internal/processor/processor.go:43.2,48.30 4 0
github.com/christopher/git-lord/internal/processor/processor.go:48.30,50.13 2 0
github.com/christopher/git-lord/internal/processor/processor.go:50.13,52.32 2 0
github.com/christopher/git-lord/internal/processor/processor.go:52.32,54.19 2 0
github.com/christopher/git-lord/internal/processor/processor.go:54.19,56.6 1 0
github.com/christopher/git-lord/internal/processor/processor.go:61.2,61.12 1 0
github.com/christopher/git-lord/internal/processor/processor.go:61.12,64.3 2 0
github.com/christopher/git-lord/internal/processor/processor.go:66.2,70.34 3 0
github.com/christopher/git-lord/internal/processor/processor.go:70.34,71.34 1 0
github.com/christopher/git-lord/internal/processor/processor.go:71.34,73.4 1 0
github.com/christopher/git-lord/internal/processor/processor.go:74.3,74.49 1 0
github.com/christopher/git-lord/internal/processor/processor.go:74.49,75.37 1 0
github.com/christopher/git-lord/internal/processor/processor.go:75.37,77.5 1 0
github.com/christopher/git-lord/internal/processor/processor.go:78.4,80.28 3 0
github.com/christopher/git-lord/internal/processor/processor.go:85.2,88.33 3 0
github.com/christopher/git-lord/internal/processor/processor.go:88.33,89.43 1 0
github.com/christopher/git-lord/internal/processor/processor.go:89.43,92.4 1 0
github.com/christopher/git-lord/internal/processor/processor.go:93.3,96.58 4 0
github.com/christopher/git-lord/internal/processor/processor.go:99.2,99.51 1 0
github.com/christopher/git-lord/internal/processor/processor.go:99.51,105.3 5 0
github.com/christopher/git-lord/internal/processor/processor.go:107.2,112.3 2 0
github.com/christopher/git-lord/cmd/git-lord/main.go:24.13,37.33 10 0
github.com/christopher/git-lord/cmd/git-lord/main.go:37.33,40.3 2 0
github.com/christopher/git-lord/cmd/git-lord/main.go:43.28,44.45 1 0
github.com/christopher/git-lord/cmd/git-lord/main.go:44.45,46.3 1 0
github.com/christopher/git-lord/cmd/git-lord/main.go:48.2,49.16 2 0
github.com/christopher/git-lord/cmd/git-lord/main.go:49.16,51.3 1 0
github.com/christopher/git-lord/cmd/git-lord/main.go:53.2,54.26 2 0
github.com/christopher/git-lord/cmd/git-lord/main.go:54.26,55.24 1 0
github.com/christopher/git-lord/cmd/git-lord/main.go:55.24,56.58 1 0
github.com/christopher/git-lord/cmd/git-lord/main.go:56.58,57.13 1 0
github.com/christopher/git-lord/cmd/git-lord/main.go:60.3,60.24 1 0
github.com/christopher/git-lord/cmd/git-lord/main.go:60.24,61.57 1 0
github.com/christopher/git-lord/cmd/git-lord/main.go:61.57,62.13 1 0
github.com/christopher/git-lord/cmd/git-lord/main.go:65.3,65.43 1 0
github.com/christopher/git-lord/cmd/git-lord/main.go:68.2,69.16 2 0
github.com/christopher/git-lord/cmd/git-lord/main.go:69.16,71.3 1 0
github.com/christopher/git-lord/cmd/git-lord/main.go:73.2,76.23 3 0
github.com/christopher/git-lord/cmd/git-lord/main.go:77.14,78.48 1 0
github.com/christopher/git-lord/cmd/git-lord/main.go:79.13,80.45 1 0
github.com/christopher/git-lord/cmd/git-lord/main.go:81.15,82.14 1 0
github.com/christopher/git-lord/cmd/git-lord/main.go:83.10,84.55 1 0
github.com/christopher/git-lord/cmd/git-lord/main.go:86.2,86.12 1 0
