mode: set
github.com/chege/git-lord/internal/metrics/metrics.go:14.71,15.26 1 1
github.com/chege/git-lord/internal/metrics/metrics.go:15.26,17.3 1 1
github.com/chege/git-lord/internal/metrics/metrics.go:20.2,23.43 3 1
github.com/chege/git-lord/internal/metrics/metrics.go:23.43,25.3 1 1
github.com/chege/git-lord/internal/metrics/metrics.go:27.2,34.31 5 1
github.com/chege/git-lord/internal/metrics/metrics.go:34.31,36.25 2 1
github.com/chege/git-lord/internal/metrics/metrics.go:36.25,38.4 1 1
github.com/chege/git-lord/internal/metrics/metrics.go:38.9,41.4 1 1
github.com/chege/git-lord/internal/metrics/metrics.go:44.2,45.14 2 1
github.com/chege/git-lord/internal/metrics/metrics.go:49.46,50.25 1 1
github.com/chege/git-lord/internal/metrics/metrics.go:50.25,52.3 1 1
github.com/chege/git-lord/internal/metrics/metrics.go:55.2,57.43 3 1
github.com/chege/git-lord/internal/metrics/metrics.go:57.43,59.3 1 1
github.com/chege/git-lord/internal/metrics/metrics.go:61.2,62.31 2 1
github.com/chege/git-lord/internal/metrics/metrics.go:62.31,67.27 3 1
github.com/chege/git-lord/internal/metrics/metrics.go:67.27,69.4 1 1
github.com/chege/git-lord/internal/metrics/metrics.go:72.2,72.19 1 1
github.com/chege/git-lord/internal/metrics/metrics.go:76.46,78.32 2 1
github.com/chege/git-lord/internal/metrics/metrics.go:78.32,82.3 3 1
github.com/chege/git-lord/internal/metrics/metrics.go:83.2,83.26 1 1
github.com/chege/git-lord/internal/format/format.go:19.75,21.17 2 1
github.com/chege/git-lord/internal/format/format.go:21.17,23.3 1 1
github.com/chege/git-lord/internal/format/format.go:25.2,29.15 4 1
github.com/chege/git-lord/internal/format/format.go:29.15,31.3 1 1
github.com/chege/git-lord/internal/format/format.go:32.2,32.87 1 1
github.com/chege/git-lord/internal/format/format.go:47.37,50.13 3 1
github.com/chege/git-lord/internal/format/format.go:50.13,53.3 2 0
github.com/chege/git-lord/internal/format/format.go:54.2,54.53 1 1
github.com/chege/git-lord/internal/format/format.go:57.38,59.65 1 1
github.com/chege/git-lord/internal/format/format.go:59.65,59.82 1 1
github.com/chege/git-lord/internal/format/format.go:59.128,59.146 1 1
github.com/chege/git-lord/internal/format/format.go:60.66,60.105 1 1
github.com/chege/git-lord/internal/format/format.go:60.151,60.194 1 1
github.com/chege/git-lord/internal/format/format.go:61.68,61.110 1 1
github.com/chege/git-lord/internal/format/format.go:61.156,61.202 1 1
github.com/chege/git-lord/internal/format/format.go:62.68,62.110 1 1
github.com/chege/git-lord/internal/format/format.go:62.156,62.202 1 1
github.com/chege/git-lord/internal/format/format.go:63.62,63.94 1 1
github.com/chege/git-lord/internal/format/format.go:63.140,63.176 1 1
github.com/chege/git-lord/internal/format/format.go:64.64,64.101 1 1
github.com/chege/git-lord/internal/format/format.go:64.147,64.188 1 1
github.com/chege/git-lord/internal/format/format.go:65.64,65.101 1 1
github.com/chege/git-lord/internal/format/format.go:65.147,65.188 1 1
github.com/chege/git-lord/internal/format/format.go:69.64,71.29 2 1
github.com/chege/git-lord/internal/format/format.go:71.29,78.3 6 1
github.com/chege/git-lord/internal/format/format.go:79.2,79.14 1 1
github.com/chege/git-lord/internal/format/format.go:82.74,84.66 1 1
github.com/chege/git-lord/internal/format/format.go:84.66,84.83 1 1
github.com/chege/git-lord/internal/format/format.go:85.63,85.98 1 1
github.com/chege/git-lord/internal/format/format.go:88.2,88.34 1 1
github.com/chege/git-lord/internal/format/format.go:88.34,90.76 1 0
github.com/chege/git-lord/internal/format/format.go:90.76,90.121 1 0
github.com/chege/git-lord/internal/format/format.go:94.2,95.73 1 1
github.com/chege/git-lord/internal/format/format.go:95.73,95.112 1 1
github.com/chege/git-lord/internal/format/format.go:96.71,96.108 1 1
github.com/chege/git-lord/internal/format/format.go:99.2,99.34 1 1
github.com/chege/git-lord/internal/format/format.go:99.34,101.76 1 0
github.com/chege/git-lord/internal/format/format.go:101.76,101.122 1 0
github.com/chege/git-lord/internal/format/format.go:105.2,105.53 1 1
github.com/chege/git-lord/internal/format/format.go:105.53,107.72 1 0
github.com/chege/git-lord/internal/format/format.go:107.72,107.109 1 0
github.com/chege/git-lord/internal/format/format.go:108.73,108.111 1 0
github.com/chege/git-lord/internal/format/format.go:109.74,109.113 1 0
github.com/chege/git-lord/internal/format/format.go:113.2,113.35 1 1
github.com/chege/git-lord/internal/format/format.go:113.35,115.72 1 0
github.com/chege/git-lord/internal/format/format.go:115.72,115.131 1 0
github.com/chege/git-lord/internal/format/format.go:116.71,116.129 1 0
github.com/chege/git-lord/internal/format/format.go:117.73,117.111 1 0
github.com/chege/git-lord/internal/format/format.go:121.2,122.78 1 1
github.com/chege/git-lord/internal/format/format.go:122.78,124.4 1 1
github.com/chege/git-lord/internal/format/format.go:127.2,127.13 1 1
github.com/chege/git-lord/internal/format/format.go:130.58,138.2 7 1
github.com/chege/git-lord/internal/format/format.go:141.81,144.35 2 0
github.com/chege/git-lord/internal/format/format.go:144.35,146.33 2 0
github.com/chege/git-lord/internal/format/format.go:146.33,148.4 1 0
github.com/chege/git-lord/internal/format/format.go:149.3,149.37 1 0
github.com/chege/git-lord/internal/format/format.go:149.37,151.4 1 0
github.com/chege/git-lord/internal/format/format.go:152.3,152.35 1 0
github.com/chege/git-lord/internal/format/format.go:152.35,154.4 1 0
github.com/chege/git-lord/internal/format/format.go:155.3,155.33 1 0
github.com/chege/git-lord/internal/format/format.go:155.33,157.30 2 0
github.com/chege/git-lord/internal/format/format.go:157.30,159.5 1 0
github.com/chege/git-lord/internal/format/format.go:163.3,163.114 1 0
github.com/chege/git-lord/internal/format/format.go:163.114,165.4 1 0
github.com/chege/git-lord/internal/format/format.go:167.3,167.30 1 0
github.com/chege/git-lord/internal/format/format.go:170.2,170.46 1 0
github.com/chege/git-lord/internal/format/format.go:170.46,171.19 1 0
github.com/chege/git-lord/internal/format/format.go:172.15,173.46 1 0
github.com/chege/git-lord/internal/format/format.go:174.15,175.42 1 0
github.com/chege/git-lord/internal/format/format.go:176.14,177.42 1 0
github.com/chege/git-lord/internal/format/format.go:178.14,179.15 1 0
github.com/chege/git-lord/internal/format/format.go:180.11,181.38 1 0
github.com/chege/git-lord/internal/format/format.go:185.2,185.14 1 0
github.com/chege/git-lord/internal/format/format.go:189.92,196.25 5 1
github.com/chege/git-lord/internal/format/format.go:196.25,198.3 1 1
github.com/chege/git-lord/internal/format/format.go:199.2,201.26 2 1
github.com/chege/git-lord/internal/format/format.go:201.26,203.26 2 1
github.com/chege/git-lord/internal/format/format.go:203.26,205.4 1 1
github.com/chege/git-lord/internal/format/format.go:206.3,206.19 1 1
github.com/chege/git-lord/internal/format/format.go:209.2,212.25 3 1
github.com/chege/git-lord/internal/format/format.go:212.25,214.3 1 1
github.com/chege/git-lord/internal/format/format.go:215.2,217.12 2 1
github.com/chege/git-lord/internal/format/format.go:221.43,227.25 5 1
github.com/chege/git-lord/internal/format/format.go:227.25,229.3 1 1
github.com/chege/git-lord/internal/format/format.go:230.2,232.26 2 1
github.com/chege/git-lord/internal/format/format.go:232.26,234.26 2 1
github.com/chege/git-lord/internal/format/format.go:234.26,236.4 1 1
github.com/chege/git-lord/internal/format/format.go:237.3,237.19 1 1
github.com/chege/git-lord/internal/format/format.go:240.2,242.25 3 1
github.com/chege/git-lord/internal/format/format.go:242.25,244.3 1 1
github.com/chege/git-lord/internal/format/format.go:245.2,247.12 2 1
github.com/chege/git-lord/internal/format/format.go:251.44,252.21 1 1
github.com/chege/git-lord/internal/format/format.go:252.21,255.3 2 1
github.com/chege/git-lord/internal/format/format.go:257.2,261.26 3 1
github.com/chege/git-lord/internal/format/format.go:261.26,263.26 2 1
github.com/chege/git-lord/internal/format/format.go:263.26,265.4 1 1
github.com/chege/git-lord/internal/format/format.go:266.3,272.5 1 1
github.com/chege/git-lord/internal/format/format.go:275.2,275.12 1 1
github.com/chege/git-lord/internal/format/format.go:279.45,284.28 3 1
github.com/chege/git-lord/internal/format/format.go:284.28,286.17 2 1
github.com/chege/git-lord/internal/format/format.go:286.17,288.4 1 0
github.com/chege/git-lord/internal/format/format.go:289.3,294.5 1 1
github.com/chege/git-lord/internal/format/format.go:297.2,297.12 1 1
github.com/chege/git-lord/internal/format/format.go:301.45,306.26 3 1
github.com/chege/git-lord/internal/format/format.go:306.26,312.3 1 1
github.com/chege/git-lord/internal/format/format.go:314.2,314.12 1 1
github.com/chege/git-lord/internal/format/format.go:318.41,321.27 2 1
github.com/chege/git-lord/internal/format/format.go:321.27,328.3 6 1
github.com/chege/git-lord/internal/format/format.go:332.51,336.2 3 1
github.com/chege/git-lord/internal/format/format.go:339.50,342.40 3 1
github.com/chege/git-lord/internal/format/format.go:342.40,344.3 1 0
github.com/chege/git-lord/internal/format/format.go:346.2,346.27 1 1
github.com/chege/git-lord/internal/format/format.go:346.27,348.38 2 1
github.com/chege/git-lord/internal/format/format.go:348.38,350.4 1 0
github.com/chege/git-lord/internal/format/format.go:352.2,353.18 2 1
github.com/chege/git-lord/internal/format/format.go:357.78,369.2 4 1
github.com/chege/git-lord/internal/format/format.go:372.53,376.2 3 1
github.com/chege/git-lord/internal/format/format.go:379.52,382.40 3 1
github.com/chege/git-lord/internal/format/format.go:382.40,384.3 1 0
github.com/chege/git-lord/internal/format/format.go:386.2,386.26 1 1
github.com/chege/git-lord/internal/format/format.go:386.26,396.38 2 1
github.com/chege/git-lord/internal/format/format.go:396.38,398.4 1 0
github.com/chege/git-lord/internal/format/format.go:400.2,401.18 2 1
github.com/chege/git-lord/internal/format/format.go:405.67,409.34 3 1
github.com/chege/git-lord/internal/format/format.go:409.34,411.3 1 0
github.com/chege/git-lord/internal/format/format.go:412.2,413.34 2 1
github.com/chege/git-lord/internal/format/format.go:413.34,415.3 1 0
github.com/chege/git-lord/internal/format/format.go:416.2,416.53 1 1
github.com/chege/git-lord/internal/format/format.go:416.53,418.3 1 0
github.com/chege/git-lord/internal/format/format.go:419.2,419.35 1 1
github.com/chege/git-lord/internal/format/format.go:419.35,421.3 1 0
github.com/chege/git-lord/internal/format/format.go:422.2,424.40 2 1
github.com/chege/git-lord/internal/format/format.go:424.40,426.3 1 0
github.com/chege/git-lord/internal/format/format.go:428.2,428.26 1 1
github.com/chege/git-lord/internal/format/format.go:428.26,430.35 2 1
github.com/chege/git-lord/internal/format/format.go:430.35,432.4 1 0
github.com/chege/git-lord/internal/format/format.go:433.3,434.35 2 1
github.com/chege/git-lord/internal/format/format.go:434.35,436.4 1 0
github.com/chege/git-lord/internal/format/format.go:437.3,437.54 1 1
github.com/chege/git-lord/internal/format/format.go:437.54,439.4 1 0
github.com/chege/git-lord/internal/format/format.go:440.3,440.36 1 1
github.com/chege/git-lord/internal/format/format.go:440.36,446.4 1 0
github.com/chege/git-lord/internal/format/format.go:447.3,452.38 2 1
github.com/chege/git-lord/internal/format/format.go:452.38,454.4 1 0
github.com/chege/git-lord/internal/format/format.go:456.2,457.18 2 1
github.com/chege/git-lord/internal/format/format.go:461.49,464.36 2 1
github.com/chege/git-lord/internal/format/format.go:464.36,465.20 1 1
github.com/chege/git-lord/internal/format/format.go:465.20,467.4 1 1
github.com/chege/git-lord/internal/format/format.go:470.2,470.24 1 1
github.com/chege/git-lord/internal/format/format.go:470.24,473.3 2 1
github.com/chege/git-lord/internal/format/format.go:476.2,476.24 1 1
github.com/chege/git-lord/internal/format/format.go:476.24,478.3 1 0
github.com/chege/git-lord/internal/format/format.go:480.2,484.29 3 1
github.com/chege/git-lord/internal/format/format.go:484.29,486.17 2 1
github.com/chege/git-lord/internal/format/format.go:487.19,488.26 1 1
github.com/chege/git-lord/internal/format/format.go:489.15,490.28 1 0
github.com/chege/git-lord/internal/format/format.go:491.17,492.29 1 0
github.com/chege/git-lord/internal/format/format.go:493.16,494.27 1 0
github.com/chege/git-lord/internal/format/format.go:495.11,496.28 1 0
github.com/chege/git-lord/internal/format/format.go:499.3,507.5 1 1
github.com/chege/git-lord/internal/format/format.go:510.2,510.12 1 1
github.com/chege/git-lord/internal/format/format.go:514.59,518.2 3 1
github.com/chege/git-lord/internal/format/format.go:521.58,524.40 3 1
github.com/chege/git-lord/internal/format/format.go:524.40,526.3 1 0
github.com/chege/git-lord/internal/format/format.go:528.2,528.36 1 1
github.com/chege/git-lord/internal/format/format.go:528.36,544.38 2 1
github.com/chege/git-lord/internal/format/format.go:544.38,546.4 1 0
github.com/chege/git-lord/internal/format/format.go:548.2,549.18 2 1
github.com/chege/git-lord/internal/format/format.go:552.101,556.21 3 1
github.com/chege/git-lord/internal/format/format.go:556.21,558.3 1 0
github.com/chege/git-lord/internal/format/format.go:559.2,565.25 5 1
github.com/chege/git-lord/internal/format/format.go:565.25,566.12 1 1
github.com/chege/git-lord/internal/format/format.go:566.12,568.4 1 1
github.com/chege/git-lord/internal/format/format.go:569.3,569.22 1 1
github.com/chege/git-lord/internal/format/format.go:571.2,574.22 3 1
github.com/chege/git-lord/internal/format/format.go:574.22,575.12 1 1
github.com/chege/git-lord/internal/format/format.go:575.12,577.4 1 1
github.com/chege/git-lord/internal/format/format.go:578.3,578.19 1 1
github.com/chege/git-lord/internal/format/format.go:580.2,582.26 2 1
github.com/chege/git-lord/internal/format/format.go:582.26,584.26 2 1
github.com/chege/git-lord/internal/format/format.go:584.26,585.13 1 1
github.com/chege/git-lord/internal/format/format.go:585.13,587.5 1 1
github.com/chege/git-lord/internal/format/format.go:588.4,588.29 1 1
github.com/chege/git-lord/internal/format/format.go:590.3,590.20 1 1
github.com/chege/git-lord/internal/format/format.go:593.2,594.25 2 1
github.com/chege/git-lord/internal/format/format.go:594.25,595.12 1 1
github.com/chege/git-lord/internal/format/format.go:595.12,597.4 1 1
github.com/chege/git-lord/internal/format/format.go:598.3,598.33 1 1
github.com/chege/git-lord/internal/format/format.go:600.2,602.12 2 1
github.com/chege/git-lord/internal/format/format.go:605.57,612.25 5 1
github.com/chege/git-lord/internal/format/format.go:612.25,613.12 1 1
github.com/chege/git-lord/internal/format/format.go:613.12,615.4 1 1
github.com/chege/git-lord/internal/format/format.go:616.3,616.22 1 1
github.com/chege/git-lord/internal/format/format.go:618.2,621.17 3 1
github.com/chege/git-lord/internal/format/format.go:621.17,623.3 1 1
github.com/chege/git-lord/internal/format/format.go:624.2,626.26 2 1
github.com/chege/git-lord/internal/format/format.go:626.26,628.26 2 1
github.com/chege/git-lord/internal/format/format.go:628.26,629.13 1 1
github.com/chege/git-lord/internal/format/format.go:629.13,631.5 1 1
github.com/chege/git-lord/internal/format/format.go:632.4,632.25 1 1
github.com/chege/git-lord/internal/format/format.go:632.25,634.18 2 1
github.com/chege/git-lord/internal/format/format.go:634.18,636.6 1 0
github.com/chege/git-lord/internal/format/format.go:637.5,637.36 1 1
github.com/chege/git-lord/internal/format/format.go:638.10,640.5 1 1
github.com/chege/git-lord/internal/format/format.go:642.3,642.20 1 1
github.com/chege/git-lord/internal/format/format.go:645.2,646.25 2 1
github.com/chege/git-lord/internal/format/format.go:646.25,647.12 1 1
github.com/chege/git-lord/internal/format/format.go:647.12,649.4 1 1
github.com/chege/git-lord/internal/format/format.go:650.3,650.24 1 1
github.com/chege/git-lord/internal/format/format.go:650.24,652.21 2 1
github.com/chege/git-lord/internal/format/format.go:652.21,654.5 1 0
github.com/chege/git-lord/internal/format/format.go:655.4,655.43 1 1
github.com/chege/git-lord/internal/format/format.go:656.9,658.4 1 1
github.com/chege/git-lord/internal/format/format.go:660.2,662.12 2 1
github.com/chege/git-lord/internal/format/format.go:665.55,668.27 2 1
github.com/chege/git-lord/internal/format/format.go:668.27,674.3 5 1
github.com/chege/git-lord/internal/format/format.go:676.2,676.12 1 1
github.com/chege/git-lord/internal/format/format.go:679.63,681.36 2 1
github.com/chege/git-lord/internal/format/format.go:681.36,682.20 1 1
github.com/chege/git-lord/internal/format/format.go:682.20,684.4 1 1
github.com/chege/git-lord/internal/format/format.go:687.2,687.24 1 1
github.com/chege/git-lord/internal/format/format.go:687.24,691.3 3 1
github.com/chege/git-lord/internal/format/format.go:693.2,693.24 1 1
github.com/chege/git-lord/internal/format/format.go:693.24,695.3 1 0
github.com/chege/git-lord/internal/format/format.go:697.2,703.29 5 1
github.com/chege/git-lord/internal/format/format.go:703.29,705.17 2 1
github.com/chege/git-lord/internal/format/format.go:706.19,707.22 1 1
github.com/chege/git-lord/internal/format/format.go:708.15,709.22 1 0
github.com/chege/git-lord/internal/format/format.go:710.17,711.22 1 0
github.com/chege/git-lord/internal/format/format.go:712.16,713.22 1 0
github.com/chege/git-lord/internal/format/format.go:716.3,717.93 1 1
github.com/chege/git-lord/internal/format/format.go:720.2,720.12 1 1
github.com/chege/git-lord/internal/format/format.go:723.60,728.35 3 1
github.com/chege/git-lord/internal/format/format.go:728.35,730.26 2 1
github.com/chege/git-lord/internal/format/format.go:730.26,732.4 1 0
github.com/chege/git-lord/internal/format/format.go:733.3,733.26 1 1
github.com/chege/git-lord/internal/format/format.go:733.26,735.4 1 0
github.com/chege/git-lord/internal/format/format.go:737.3,746.5 1 1
github.com/chege/git-lord/internal/format/format.go:749.2,749.12 1 1
github.com/chege/git-lord/internal/format/format.go:752.70,756.2 3 1
github.com/chege/git-lord/internal/format/format.go:758.69,761.40 3 1
github.com/chege/git-lord/internal/format/format.go:761.40,763.3 1 0
github.com/chege/git-lord/internal/format/format.go:765.2,765.35 1 1
github.com/chege/git-lord/internal/format/format.go:765.35,780.38 2 1
github.com/chege/git-lord/internal/format/format.go:780.38,782.4 1 0
github.com/chege/git-lord/internal/format/format.go:784.2,785.18 2 1
github.com/chege/git-lord/internal/format/format.go:788.74,794.35 4 1
github.com/chege/git-lord/internal/format/format.go:794.35,796.26 2 1
github.com/chege/git-lord/internal/format/format.go:796.26,798.4 1 0
github.com/chege/git-lord/internal/format/format.go:799.3,799.26 1 1
github.com/chege/git-lord/internal/format/format.go:799.26,801.4 1 0
github.com/chege/git-lord/internal/format/format.go:803.3,806.48 1 1
github.com/chege/git-lord/internal/format/format.go:809.2,809.12 1 1
github.com/chege/git-lord/internal/gitcmd/blame.go:21.105,35.16 9 1
github.com/chege/git-lord/internal/gitcmd/blame.go:35.16,37.58 1 1
github.com/chege/git-lord/internal/gitcmd/blame.go:37.58,39.4 1 0
github.com/chege/git-lord/internal/gitcmd/blame.go:42.2,48.21 6 1
github.com/chege/git-lord/internal/gitcmd/blame.go:48.21,50.36 2 1
github.com/chege/git-lord/internal/gitcmd/blame.go:50.36,52.19 2 1
github.com/chege/git-lord/internal/gitcmd/blame.go:52.19,54.5 1 0
github.com/chege/git-lord/internal/gitcmd/blame.go:55.4,56.15 2 1
github.com/chege/git-lord/internal/gitcmd/blame.go:56.15,58.5 1 0
github.com/chege/git-lord/internal/gitcmd/blame.go:60.4,60.68 1 1
github.com/chege/git-lord/internal/gitcmd/blame.go:60.68,62.5 1 1
github.com/chege/git-lord/internal/gitcmd/blame.go:63.4,65.24 3 1
github.com/chege/git-lord/internal/gitcmd/blame.go:66.9,66.31 1 1
github.com/chege/git-lord/internal/gitcmd/blame.go:66.31,69.4 2 1
github.com/chege/git-lord/internal/gitcmd/blame.go:69.9,69.53 1 1
github.com/chege/git-lord/internal/gitcmd/blame.go:69.53,75.4 5 1
github.com/chege/git-lord/internal/gitcmd/blame.go:75.9,75.56 1 1
github.com/chege/git-lord/internal/gitcmd/blame.go:75.56,79.4 3 1
github.com/chege/git-lord/internal/gitcmd/blame.go:82.2,82.32 1 1
github.com/chege/git-lord/internal/gitcmd/blame.go:82.32,84.3 1 0
github.com/chege/git-lord/internal/gitcmd/blame.go:86.2,86.18 1 1
github.com/chege/git-lord/internal/gitcmd/gitcmd.go:12.45,14.34 2 1
github.com/chege/git-lord/internal/gitcmd/gitcmd.go:14.34,16.3 1 1
github.com/chege/git-lord/internal/gitcmd/gitcmd.go:17.2,17.12 1 1
github.com/chege/git-lord/internal/gitcmd/gitcmd.go:21.62,25.34 4 1
github.com/chege/git-lord/internal/gitcmd/gitcmd.go:25.34,27.3 1 0
github.com/chege/git-lord/internal/gitcmd/gitcmd.go:29.2,31.21 3 1
github.com/chege/git-lord/internal/gitcmd/gitcmd.go:31.21,33.17 2 1
github.com/chege/git-lord/internal/gitcmd/gitcmd.go:33.17,35.4 1 1
github.com/chege/git-lord/internal/gitcmd/gitcmd.go:37.2,37.19 1 1
github.com/chege/git-lord/internal/gitcmd/log.go:45.32,47.2 1 1
github.com/chege/git-lord/internal/gitcmd/log.go:51.80,55.17 2 1
github.com/chege/git-lord/internal/gitcmd/log.go:55.17,57.3 1 1
github.com/chege/git-lord/internal/gitcmd/log.go:59.2,63.34 4 1
github.com/chege/git-lord/internal/gitcmd/log.go:63.34,65.3 1 1
github.com/chege/git-lord/internal/gitcmd/log.go:67.2,71.21 4 1
github.com/chege/git-lord/internal/gitcmd/log.go:71.21,73.17 2 1
github.com/chege/git-lord/internal/gitcmd/log.go:73.17,74.12 1 1
github.com/chege/git-lord/internal/gitcmd/log.go:77.3,77.41 1 1
github.com/chege/git-lord/internal/gitcmd/log.go:77.41,78.28 1 1
github.com/chege/git-lord/internal/gitcmd/log.go:78.28,80.5 1 1
github.com/chege/git-lord/internal/gitcmd/log.go:81.4,82.22 2 1
github.com/chege/git-lord/internal/gitcmd/log.go:82.22,83.13 1 0
github.com/chege/git-lord/internal/gitcmd/log.go:87.4,88.18 2 1
github.com/chege/git-lord/internal/gitcmd/log.go:88.18,91.5 1 0
github.com/chege/git-lord/internal/gitcmd/log.go:93.4,95.23 3 1
github.com/chege/git-lord/internal/gitcmd/log.go:95.23,97.5 1 1
github.com/chege/git-lord/internal/gitcmd/log.go:98.4,98.23 1 1
github.com/chege/git-lord/internal/gitcmd/log.go:98.23,100.5 1 1
github.com/chege/git-lord/internal/gitcmd/log.go:102.4,110.5 1 1
github.com/chege/git-lord/internal/gitcmd/log.go:111.9,111.34 1 1
github.com/chege/git-lord/internal/gitcmd/log.go:111.34,113.23 2 1
github.com/chege/git-lord/internal/gitcmd/log.go:113.23,117.24 4 1
github.com/chege/git-lord/internal/gitcmd/log.go:117.24,119.6 1 1
github.com/chege/git-lord/internal/gitcmd/log.go:120.5,120.24 1 1
github.com/chege/git-lord/internal/gitcmd/log.go:120.24,122.6 1 1
github.com/chege/git-lord/internal/gitcmd/log.go:123.5,127.32 4 1
github.com/chege/git-lord/internal/gitcmd/log.go:127.32,133.6 1 1
github.com/chege/git-lord/internal/gitcmd/log.go:135.5,136.18 2 1
github.com/chege/git-lord/internal/gitcmd/log.go:136.18,138.6 1 0
github.com/chege/git-lord/internal/gitcmd/log.go:139.5,139.45 1 1
github.com/chege/git-lord/internal/gitcmd/log.go:144.2,144.26 1 1
github.com/chege/git-lord/internal/gitcmd/log.go:144.26,146.3 1 1
github.com/chege/git-lord/internal/gitcmd/log.go:148.2,148.21 1 1
github.com/chege/git-lord/internal/gitcmd/log.go:151.46,153.15 2 1
github.com/chege/git-lord/internal/gitcmd/log.go:153.15,155.3 1 0
github.com/chege/git-lord/internal/gitcmd/log.go:157.2,157.34 1 1
github.com/chege/git-lord/internal/gitcmd/log.go:157.34,159.3 1 1
github.com/chege/git-lord/internal/gitcmd/log.go:161.2,163.31 3 1
github.com/chege/git-lord/internal/gitcmd/log.go:163.31,168.22 5 1
github.com/chege/git-lord/internal/gitcmd/log.go:168.22,170.4 1 1
github.com/chege/git-lord/internal/gitcmd/log.go:173.2,174.21 2 1
github.com/chege/git-lord/internal/gitcmd/log.go:174.21,176.3 1 0
github.com/chege/git-lord/internal/gitcmd/log.go:178.2,178.47 1 1
github.com/chege/git-lord/internal/cache/cache.go:31.44,41.16 4 1
github.com/chege/git-lord/internal/cache/cache.go:41.16,42.25 1 1
github.com/chege/git-lord/internal/cache/cache.go:42.25,44.4 1 1
github.com/chege/git-lord/internal/cache/cache.go:45.3,45.16 1 0
github.com/chege/git-lord/internal/cache/cache.go:48.2,49.56 2 1
github.com/chege/git-lord/internal/cache/cache.go:49.56,51.3 1 1
github.com/chege/git-lord/internal/cache/cache.go:53.2,53.38 1 1
github.com/chege/git-lord/internal/cache/cache.go:53.38,55.3 1 1
github.com/chege/git-lord/internal/cache/cache.go:57.2,59.23 2 1
github.com/chege/git-lord/internal/cache/cache.go:62.30,63.52 1 1
github.com/chege/git-lord/internal/cache/cache.go:63.52,65.3 1 0
github.com/chege/git-lord/internal/cache/cache.go:67.2,68.16 2 1
github.com/chege/git-lord/internal/cache/cache.go:68.16,70.3 1 0
github.com/chege/git-lord/internal/cache/cache.go:72.2,73.60 2 1
github.com/chege/git-lord/internal/cache/cache.go:73.60,75.3 1 0
github.com/chege/git-lord/internal/cache/cache.go:77.2,77.12 1 1
github.com/chege/git-lord/internal/cache/cache.go:80.75,81.14 1 1
github.com/chege/git-lord/internal/cache/cache.go:81.14,83.3 1 1
github.com/chege/git-lord/internal/cache/cache.go:85.2,88.22 3 1
github.com/chege/git-lord/internal/cache/cache.go:88.22,90.3 1 1
github.com/chege/git-lord/internal/cache/cache.go:92.2,94.9 3 1
github.com/chege/git-lord/internal/cache/cache.go:94.9,96.3 1 1
github.com/chege/git-lord/internal/cache/cache.go:98.2,98.32 1 1
github.com/chege/git-lord/internal/cache/cache.go:98.32,100.3 1 1
github.com/chege/git-lord/internal/cache/cache.go:102.2,102.32 1 1
github.com/chege/git-lord/internal/cache/cache.go:105.80,106.14 1 1
github.com/chege/git-lord/internal/cache/cache.go:106.14,108.3 1 1
github.com/chege/git-lord/internal/cache/cache.go:110.2,113.22 3 1
github.com/chege/git-lord/internal/cache/cache.go:113.22,115.3 1 1
github.com/chege/git-lord/internal/cache/cache.go:117.2,121.3 2 1
github.com/chege/git-lord/internal/cache/cache.go:124.51,127.16 3 1
github.com/chege/git-lord/internal/cache/cache.go:127.16,129.3 1 1
github.com/chege/git-lord/internal/cache/cache.go:130.2,130.47 1 1
github.com/chege/git-lord/internal/cache/cache.go:135.72,136.25 1 1
github.com/chege/git-lord/internal/cache/cache.go:136.25,138.3 1 1
github.com/chege/git-lord/internal/cache/cache.go:140.2,144.16 4 1
github.com/chege/git-lord/internal/cache/cache.go:144.16,146.34 2 0
github.com/chege/git-lord/internal/cache/cache.go:146.34,147.50 1 0
github.com/chege/git-lord/internal/cache/cache.go:147.50,149.5 1 0
github.com/chege/git-lord/internal/cache/cache.go:151.3,151.21 1 0
github.com/chege/git-lord/internal/cache/cache.go:154.2,156.33 3 1
github.com/chege/git-lord/internal/cache/cache.go:156.33,157.22 1 1
github.com/chege/git-lord/internal/cache/cache.go:157.22,159.4 1 1
github.com/chege/git-lord/internal/cache/cache.go:161.2,161.20 1 1
github.com/chege/git-lord/internal/cache/cache.go:164.32,167.16 3 1
github.com/chege/git-lord/internal/cache/cache.go:167.16,169.3 1 1
github.com/chege/git-lord/internal/cache/cache.go:170.2,170.47 1 1
github.com/chege/git-lord/internal/processor/activity.go:12.105,18.28 4 1
github.com/chege/git-lord/internal/processor/activity.go:18.28,20.32 2 1
github.com/chege/git-lord/internal/processor/activity.go:20.32,24.4 1 1
github.com/chege/git-lord/internal/processor/activity.go:25.3,30.31 6 1
github.com/chege/git-lord/internal/processor/activity.go:33.2,34.28 2 1
github.com/chege/git-lord/internal/processor/activity.go:34.28,36.3 1 1
github.com/chege/git-lord/internal/processor/activity.go:38.2,38.46 1 1
github.com/chege/git-lord/internal/processor/activity.go:38.46,41.20 3 1
github.com/chege/git-lord/internal/processor/activity.go:41.20,43.4 1 1
github.com/chege/git-lord/internal/processor/activity.go:44.3,44.22 1 1
github.com/chege/git-lord/internal/processor/activity.go:47.2,47.14 1 1
github.com/chege/git-lord/internal/processor/activity.go:50.67,51.37 1 1
github.com/chege/git-lord/internal/processor/activity.go:52.19,53.24 1 1
github.com/chege/git-lord/internal/processor/activity.go:54.19,55.24 1 1
github.com/chege/git-lord/internal/processor/activity.go:56.13,57.18 1 1
github.com/chege/git-lord/internal/processor/activity.go:58.15,59.20 1 1
github.com/chege/git-lord/internal/processor/activity.go:60.23,61.20 1 1
github.com/chege/git-lord/internal/processor/activity.go:62.29,63.14 1 1
github.com/chege/git-lord/internal/processor/activity.go:64.10,65.22 1 1
github.com/chege/git-lord/internal/processor/activity.go:70.68,73.28 2 1
github.com/chege/git-lord/internal/processor/activity.go:73.28,75.37 2 1
github.com/chege/git-lord/internal/processor/activity.go:75.37,77.4 1 1
github.com/chege/git-lord/internal/processor/activity.go:78.3,80.54 3 1
github.com/chege/git-lord/internal/processor/activity.go:83.2,84.29 2 1
github.com/chege/git-lord/internal/processor/activity.go:84.29,86.3 1 1
github.com/chege/git-lord/internal/processor/activity.go:88.2,88.41 1 1
github.com/chege/git-lord/internal/processor/activity.go:88.41,90.3 1 1
github.com/chege/git-lord/internal/processor/activity.go:92.2,92.15 1 1
github.com/chege/git-lord/internal/processor/archaeology.go:11.59,15.32 3 1
github.com/chege/git-lord/internal/processor/archaeology.go:15.32,16.26 1 1
github.com/chege/git-lord/internal/processor/archaeology.go:16.26,17.12 1 0
github.com/chege/git-lord/internal/processor/archaeology.go:19.3,21.17 3 1
github.com/chege/git-lord/internal/processor/archaeology.go:24.2,25.33 2 1
github.com/chege/git-lord/internal/processor/archaeology.go:25.33,27.16 2 1
github.com/chege/git-lord/internal/processor/archaeology.go:27.16,29.4 1 0
github.com/chege/git-lord/internal/processor/archaeology.go:30.3,34.5 1 1
github.com/chege/git-lord/internal/processor/archaeology.go:37.2,37.40 1 1
github.com/chege/git-lord/internal/processor/archaeology.go:37.40,39.3 1 0
github.com/chege/git-lord/internal/processor/archaeology.go:41.2,41.14 1 1
github.com/chege/git-lord/internal/processor/archaeology.go:45.71,48.43 2 1
github.com/chege/git-lord/internal/processor/archaeology.go:48.43,52.34 4 1
github.com/chege/git-lord/internal/processor/archaeology.go:52.34,54.20 2 1
github.com/chege/git-lord/internal/processor/archaeology.go:54.20,57.5 2 1
github.com/chege/git-lord/internal/processor/archaeology.go:60.3,60.21 1 1
github.com/chege/git-lord/internal/processor/archaeology.go:60.21,61.12 1 1
github.com/chege/git-lord/internal/processor/archaeology.go:64.3,65.24 2 1
github.com/chege/git-lord/internal/processor/archaeology.go:65.24,72.4 1 1
github.com/chege/git-lord/internal/processor/archaeology.go:75.2,75.40 1 1
github.com/chege/git-lord/internal/processor/archaeology.go:75.40,77.3 1 0
github.com/chege/git-lord/internal/processor/archaeology.go:79.2,79.21 1 1
github.com/chege/git-lord/internal/processor/archaeology.go:79.21,81.3 1 0
github.com/chege/git-lord/internal/processor/archaeology.go:83.2,83.14 1 1
github.com/chege/git-lord/internal/processor/awards.go:11.73,21.28 7 1
github.com/chege/git-lord/internal/processor/awards.go:21.28,23.76 2 1
github.com/chege/git-lord/internal/processor/awards.go:23.76,26.4 2 0
github.com/chege/git-lord/internal/processor/awards.go:28.2,28.20 1 1
github.com/chege/git-lord/internal/processor/awards.go:28.20,38.3 1 0
github.com/chege/git-lord/internal/processor/awards.go:41.2,43.28 3 1
github.com/chege/git-lord/internal/processor/awards.go:43.28,44.52 1 1
github.com/chege/git-lord/internal/processor/awards.go:44.52,47.4 2 1
github.com/chege/git-lord/internal/processor/awards.go:49.2,49.18 1 1
github.com/chege/git-lord/internal/processor/awards.go:49.18,59.3 1 1
github.com/chege/git-lord/internal/processor/awards.go:62.2,64.28 3 1
github.com/chege/git-lord/internal/processor/awards.go:64.28,65.50 1 1
github.com/chege/git-lord/internal/processor/awards.go:65.50,67.22 2 1
github.com/chege/git-lord/internal/processor/awards.go:67.22,70.5 2 1
github.com/chege/git-lord/internal/processor/awards.go:73.2,73.21 1 1
github.com/chege/git-lord/internal/processor/awards.go:73.21,83.3 1 1
github.com/chege/git-lord/internal/processor/awards.go:86.2,88.28 3 1
github.com/chege/git-lord/internal/processor/awards.go:88.28,89.33 1 1
github.com/chege/git-lord/internal/processor/awards.go:89.33,92.4 2 1
github.com/chege/git-lord/internal/processor/awards.go:94.2,94.19 1 1
github.com/chege/git-lord/internal/processor/awards.go:94.19,104.3 1 1
github.com/chege/git-lord/internal/processor/awards.go:107.2,109.28 3 1
github.com/chege/git-lord/internal/processor/awards.go:109.28,110.34 1 1
github.com/chege/git-lord/internal/processor/awards.go:110.34,112.40 2 0
github.com/chege/git-lord/internal/processor/awards.go:112.40,114.5 1 0
github.com/chege/git-lord/internal/processor/awards.go:115.4,116.25 2 0
github.com/chege/git-lord/internal/processor/awards.go:116.25,119.5 2 0
github.com/chege/git-lord/internal/processor/awards.go:122.2,122.23 1 1
github.com/chege/git-lord/internal/processor/awards.go:122.23,132.3 1 0
github.com/chege/git-lord/internal/processor/awards.go:135.2,137.28 3 1
github.com/chege/git-lord/internal/processor/awards.go:137.28,138.18 1 1
github.com/chege/git-lord/internal/processor/awards.go:138.18,140.24 2 0
github.com/chege/git-lord/internal/processor/awards.go:140.24,143.5 2 0
github.com/chege/git-lord/internal/processor/awards.go:146.2,146.16 1 1
github.com/chege/git-lord/internal/processor/awards.go:146.16,156.3 1 0
github.com/chege/git-lord/internal/processor/awards.go:159.2,162.28 4 1
github.com/chege/git-lord/internal/processor/awards.go:162.28,163.35 1 1
github.com/chege/git-lord/internal/processor/awards.go:163.35,164.27 1 1
github.com/chege/git-lord/internal/processor/awards.go:164.27,167.5 2 1
github.com/chege/git-lord/internal/processor/awards.go:170.2,170.18 1 1
github.com/chege/git-lord/internal/processor/awards.go:170.18,180.3 1 1
github.com/chege/git-lord/internal/processor/awards.go:183.2,185.28 3 1
github.com/chege/git-lord/internal/processor/awards.go:185.28,186.36 1 1
github.com/chege/git-lord/internal/processor/awards.go:186.36,189.4 2 1
github.com/chege/git-lord/internal/processor/awards.go:191.2,191.20 1 1
github.com/chege/git-lord/internal/processor/awards.go:191.20,201.3 1 1
github.com/chege/git-lord/internal/processor/awards.go:204.2,206.28 3 1
github.com/chege/git-lord/internal/processor/awards.go:206.28,207.30 1 1
github.com/chege/git-lord/internal/processor/awards.go:207.30,210.4 2 1
github.com/chege/git-lord/internal/processor/awards.go:212.2,212.18 1 1
github.com/chege/git-lord/internal/processor/awards.go:212.18,222.3 1 1
github.com/chege/git-lord/internal/processor/awards.go:225.2,227.28 3 1
github.com/chege/git-lord/internal/processor/awards.go:227.28,228.40 1 1
github.com/chege/git-lord/internal/processor/awards.go:228.40,231.4 2 0
github.com/chege/git-lord/internal/processor/awards.go:233.2,233.20 1 1
github.com/chege/git-lord/internal/processor/awards.go:233.20,243.3 1 0
github.com/chege/git-lord/internal/processor/awards.go:246.2,248.28 3 1
github.com/chege/git-lord/internal/processor/awards.go:248.28,250.52 2 1
github.com/chege/git-lord/internal/processor/awards.go:250.52,252.22 2 0
github.com/chege/git-lord/internal/processor/awards.go:252.22,253.31 1 0
github.com/chege/git-lord/internal/processor/awards.go:253.31,256.6 2 0
github.com/chege/git-lord/internal/processor/awards.go:260.2,260.20 1 1
github.com/chege/git-lord/internal/processor/awards.go:260.20,270.3 1 0
github.com/chege/git-lord/internal/processor/awards.go:273.2,275.28 3 1
github.com/chege/git-lord/internal/processor/awards.go:275.28,276.38 1 1
github.com/chege/git-lord/internal/processor/awards.go:276.38,279.4 2 1
github.com/chege/git-lord/internal/processor/awards.go:281.2,281.41 1 1
github.com/chege/git-lord/internal/processor/awards.go:281.41,291.3 1 1
github.com/chege/git-lord/internal/processor/awards.go:294.2,296.28 3 1
github.com/chege/git-lord/internal/processor/awards.go:296.28,298.37 2 1
github.com/chege/git-lord/internal/processor/awards.go:298.37,301.4 2 1
github.com/chege/git-lord/internal/processor/awards.go:303.2,303.42 1 1
github.com/chege/git-lord/internal/processor/awards.go:303.42,313.3 1 1
github.com/chege/git-lord/internal/processor/awards.go:316.2,318.28 3 1
github.com/chege/git-lord/internal/processor/awards.go:318.28,319.45 1 1
github.com/chege/git-lord/internal/processor/awards.go:319.45,320.12 1 0
github.com/chege/git-lord/internal/processor/awards.go:322.3,323.31 2 1
github.com/chege/git-lord/internal/processor/awards.go:323.31,326.4 2 1
github.com/chege/git-lord/internal/processor/awards.go:328.2,328.22 1 1
github.com/chege/git-lord/internal/processor/awards.go:328.22,338.3 1 1
github.com/chege/git-lord/internal/processor/awards.go:341.2,343.28 3 1
github.com/chege/git-lord/internal/processor/awards.go:343.28,344.27 1 1
github.com/chege/git-lord/internal/processor/awards.go:344.27,347.4 2 1
github.com/chege/git-lord/internal/processor/awards.go:349.2,349.40 1 1
github.com/chege/git-lord/internal/processor/awards.go:349.40,359.3 1 1
github.com/chege/git-lord/internal/processor/awards.go:361.2,361.15 1 1
github.com/chege/git-lord/internal/processor/hotspot.go:18.123,19.21 1 1
github.com/chege/git-lord/internal/processor/hotspot.go:19.21,21.3 1 1
github.com/chege/git-lord/internal/processor/hotspot.go:22.2,22.18 1 1
github.com/chege/git-lord/internal/processor/hotspot.go:22.18,24.3 1 0
github.com/chege/git-lord/internal/processor/hotspot.go:26.2,29.43 3 1
github.com/chege/git-lord/internal/processor/hotspot.go:29.43,31.26 2 1
github.com/chege/git-lord/internal/processor/hotspot.go:31.26,32.12 1 1
github.com/chege/git-lord/internal/processor/hotspot.go:35.3,36.32 2 1
github.com/chege/git-lord/internal/processor/hotspot.go:36.32,37.12 1 0
github.com/chege/git-lord/internal/processor/hotspot.go:40.3,42.14 3 1
github.com/chege/git-lord/internal/processor/hotspot.go:42.14,44.4 1 1
github.com/chege/git-lord/internal/processor/hotspot.go:46.3,48.24 3 1
github.com/chege/git-lord/internal/processor/hotspot.go:48.24,50.4 1 1
github.com/chege/git-lord/internal/processor/hotspot.go:51.3,68.5 3 1
github.com/chege/git-lord/internal/processor/hotspot.go:71.2,71.50 1 1
github.com/chege/git-lord/internal/processor/hotspot.go:71.50,74.32 3 1
github.com/chege/git-lord/internal/processor/hotspot.go:74.32,76.4 1 1
github.com/chege/git-lord/internal/processor/hotspot.go:77.3,77.44 1 1
github.com/chege/git-lord/internal/processor/hotspot.go:77.44,79.4 1 1
github.com/chege/git-lord/internal/processor/hotspot.go:80.3,80.46 1 1
github.com/chege/git-lord/internal/processor/hotspot.go:80.46,82.4 1 0
github.com/chege/git-lord/internal/processor/hotspot.go:83.3,83.28 1 1
github.com/chege/git-lord/internal/processor/hotspot.go:83.28,85.4 1 0
github.com/chege/git-lord/internal/processor/hotspot.go:86.3,86.32 1 1
github.com/chege/git-lord/internal/processor/hotspot.go:89.2,89.15 1 1
github.com/chege/git-lord/internal/processor/hotspot.go:92.135,95.28 3 1
github.com/chege/git-lord/internal/processor/hotspot.go:95.28,97.3 1 1
github.com/chege/git-lord/internal/processor/hotspot.go:99.2,99.33 1 1
github.com/chege/git-lord/internal/processor/hotspot.go:99.33,100.33 1 1
github.com/chege/git-lord/internal/processor/hotspot.go:100.33,101.12 1 1
github.com/chege/git-lord/internal/processor/hotspot.go:104.3,105.41 2 1
github.com/chege/git-lord/internal/processor/hotspot.go:105.41,106.45 1 1
github.com/chege/git-lord/internal/processor/hotspot.go:106.45,107.13 1 1
github.com/chege/git-lord/internal/processor/hotspot.go:109.4,109.42 1 1
github.com/chege/git-lord/internal/processor/hotspot.go:109.42,110.13 1 0
github.com/chege/git-lord/internal/processor/hotspot.go:113.4,117.55 5 1
github.com/chege/git-lord/internal/processor/hotspot.go:117.55,120.5 2 1
github.com/chege/git-lord/internal/processor/hotspot.go:121.4,121.34 1 1
github.com/chege/git-lord/internal/processor/hotspot.go:125.2,125.20 1 1
github.com/chege/git-lord/internal/processor/hotspot.go:128.49,130.29 2 1
github.com/chege/git-lord/internal/processor/hotspot.go:130.29,132.3 1 1
github.com/chege/git-lord/internal/processor/hotspot.go:133.2,133.14 1 1
github.com/chege/git-lord/internal/processor/hotspot.go:136.56,139.33 3 1
github.com/chege/git-lord/internal/processor/hotspot.go:139.33,140.76 1 1
github.com/chege/git-lord/internal/processor/hotspot.go:140.76,143.4 2 1
github.com/chege/git-lord/internal/processor/hotspot.go:145.2,145.24 1 1
github.com/chege/git-lord/internal/processor/hotspot.go:148.45,149.14 1 1
github.com/chege/git-lord/internal/processor/hotspot.go:149.14,151.3 1 1
github.com/chege/git-lord/internal/processor/hotspot.go:152.2,152.16 1 1
github.com/chege/git-lord/internal/processor/hotspot.go:152.16,154.3 1 1
github.com/chege/git-lord/internal/processor/hotspot.go:155.2,155.18 1 1
github.com/chege/git-lord/internal/processor/hotspot.go:155.18,157.3 1 1
github.com/chege/git-lord/internal/processor/hotspot.go:158.2,158.26 1 1
github.com/chege/git-lord/internal/processor/hotspot.go:161.36,162.16 1 1
github.com/chege/git-lord/internal/processor/hotspot.go:162.16,164.3 1 1
github.com/chege/git-lord/internal/processor/hotspot.go:165.2,165.18 1 1
github.com/chege/git-lord/internal/processor/hotspot.go:165.18,167.3 1 1
github.com/chege/git-lord/internal/processor/hotspot.go:168.2,168.31 1 1
github.com/chege/git-lord/internal/processor/hotspot.go:171.36,172.9 1 1
github.com/chege/git-lord/internal/processor/hotspot.go:173.19,174.20 1 1
github.com/chege/git-lord/internal/processor/hotspot.go:175.19,176.16 1 1
github.com/chege/git-lord/internal/processor/hotspot.go:177.19,178.18 1 1
github.com/chege/git-lord/internal/processor/hotspot.go:179.19,180.17 1 1
github.com/chege/git-lord/internal/processor/hotspot.go:181.10,182.15 1 1
github.com/chege/git-lord/internal/processor/hygiene.go:18.83,33.33 3 1
github.com/chege/git-lord/internal/processor/hygiene.go:33.33,34.21 1 1
github.com/chege/git-lord/internal/processor/hygiene.go:34.21,35.12 1 1
github.com/chege/git-lord/internal/processor/hygiene.go:38.3,39.40 2 1
github.com/chege/git-lord/internal/processor/hygiene.go:39.40,44.4 1 1
github.com/chege/git-lord/internal/processor/hygiene.go:46.3,56.60 8 1
github.com/chege/git-lord/internal/processor/hygiene.go:56.60,58.4 1 1
github.com/chege/git-lord/internal/processor/hygiene.go:60.3,61.41 2 1
github.com/chege/git-lord/internal/processor/hygiene.go:61.41,62.79 1 1
github.com/chege/git-lord/internal/processor/hygiene.go:62.79,64.10 2 1
github.com/chege/git-lord/internal/processor/hygiene.go:67.3,67.14 1 1
github.com/chege/git-lord/internal/processor/hygiene.go:67.14,69.4 1 1
github.com/chege/git-lord/internal/processor/hygiene.go:71.3,71.48 1 1
github.com/chege/git-lord/internal/processor/hygiene.go:71.48,73.4 1 1
github.com/chege/git-lord/internal/processor/hygiene.go:75.3,75.40 1 1
github.com/chege/git-lord/internal/processor/hygiene.go:75.40,77.4 1 1
github.com/chege/git-lord/internal/processor/hygiene.go:79.3,80.35 2 1
github.com/chege/git-lord/internal/processor/hygiene.go:80.35,81.41 1 1
github.com/chege/git-lord/internal/processor/hygiene.go:81.41,83.10 2 1
github.com/chege/git-lord/internal/processor/hygiene.go:86.3,86.21 1 1
github.com/chege/git-lord/internal/processor/hygiene.go:86.21,88.4 1 1
github.com/chege/git-lord/internal/processor/hygiene.go:91.2,92.36 2 1
github.com/chege/git-lord/internal/processor/hygiene.go:92.36,93.24 1 1
github.com/chege/git-lord/internal/processor/hygiene.go:93.24,94.12 1 0
github.com/chege/git-lord/internal/processor/hygiene.go:97.3,97.34 1 1
github.com/chege/git-lord/internal/processor/hygiene.go:97.34,99.4 1 1
github.com/chege/git-lord/internal/processor/hygiene.go:101.3,119.36 3 1
github.com/chege/git-lord/internal/processor/hygiene.go:122.2,122.42 1 1
github.com/chege/git-lord/internal/processor/hygiene.go:122.42,124.3 1 0
github.com/chege/git-lord/internal/processor/hygiene.go:126.2,126.53 1 1
github.com/chege/git-lord/internal/processor/hygiene.go:129.66,138.15 7 1
github.com/chege/git-lord/internal/processor/hygiene.go:138.15,140.3 1 0
github.com/chege/git-lord/internal/processor/hygiene.go:141.2,141.17 1 1
github.com/chege/git-lord/internal/processor/hygiene.go:141.17,143.3 1 1
github.com/chege/git-lord/internal/processor/hygiene.go:144.2,144.14 1 1
github.com/chege/git-lord/internal/processor/processor.go:26.53,27.11 1 1
github.com/chege/git-lord/internal/processor/processor.go:27.11,29.3 1 1
github.com/chege/git-lord/internal/processor/processor.go:30.2,36.10 4 1
github.com/chege/git-lord/internal/processor/processor.go:39.25,43.6 4 1
github.com/chege/git-lord/internal/processor/processor.go:43.6,44.10 1 1
github.com/chege/git-lord/internal/processor/processor.go:45.17,47.10 2 1
github.com/chege/git-lord/internal/processor/processor.go:48.11,51.38 3 0
github.com/chege/git-lord/internal/processor/processor.go:56.26,57.14 1 1
github.com/chege/git-lord/internal/processor/processor.go:57.14,59.3 1 1
github.com/chege/git-lord/internal/processor/processor.go:60.2,61.13 2 1
github.com/chege/git-lord/internal/processor/processor.go:71.157,72.42 1 0
github.com/chege/git-lord/internal/processor/processor.go:72.42,74.3 1 0
github.com/chege/git-lord/internal/processor/processor.go:76.2,76.22 1 0
github.com/chege/git-lord/internal/processor/processor.go:76.22,78.3 1 0
github.com/chege/git-lord/internal/processor/processor.go:80.2,90.32 6 0
github.com/chege/git-lord/internal/processor/processor.go:90.32,92.3 1 0
github.com/chege/git-lord/internal/processor/processor.go:94.2,99.29 5 0
github.com/chege/git-lord/internal/processor/processor.go:99.29,100.15 1 0
github.com/chege/git-lord/internal/processor/processor.go:100.15,101.40 1 0
github.com/chege/git-lord/internal/processor/processor.go:101.40,102.50 1 0
github.com/chege/git-lord/internal/processor/processor.go:102.50,105.14 3 0
github.com/chege/git-lord/internal/processor/processor.go:109.3,110.16 2 0
github.com/chege/git-lord/internal/processor/processor.go:113.2,113.30 1 0
github.com/chege/git-lord/internal/processor/processor.go:113.30,116.3 1 0
github.com/chege/git-lord/internal/processor/processor.go:118.2,119.35 2 0
github.com/chege/git-lord/internal/processor/processor.go:119.35,121.3 1 0
github.com/chege/git-lord/internal/processor/processor.go:122.2,127.35 4 0
github.com/chege/git-lord/internal/processor/processor.go:127.35,129.13 2 0
github.com/chege/git-lord/internal/processor/processor.go:129.13,131.32 2 0
github.com/chege/git-lord/internal/processor/processor.go:131.32,132.12 1 0
github.com/chege/git-lord/internal/processor/processor.go:133.23,134.12 1 0
github.com/chege/git-lord/internal/processor/processor.go:135.13,137.20 2 0
github.com/chege/git-lord/internal/processor/processor.go:137.20,139.7 1 0
github.com/chege/git-lord/internal/processor/processor.go:145.2,145.12 1 0
github.com/chege/git-lord/internal/processor/processor.go:145.12,148.3 2 0
github.com/chege/git-lord/internal/processor/processor.go:150.2,151.12 2 0
github.com/chege/git-lord/internal/processor/processor.go:151.12,152.35 1 0
github.com/chege/git-lord/internal/processor/processor.go:152.35,154.4 1 0
github.com/chege/git-lord/internal/processor/processor.go:155.3,155.32 1 0
github.com/chege/git-lord/internal/processor/processor.go:155.32,157.4 1 0
github.com/chege/git-lord/internal/processor/processor.go:158.3,158.20 1 0
github.com/chege/git-lord/internal/processor/processor.go:161.2,168.33 6 0
github.com/chege/git-lord/internal/processor/processor.go:168.33,170.32 2 0
github.com/chege/git-lord/internal/processor/processor.go:170.32,179.4 1 0
github.com/chege/git-lord/internal/processor/processor.go:180.3,184.41 5 0
github.com/chege/git-lord/internal/processor/processor.go:184.41,186.4 1 0
github.com/chege/git-lord/internal/processor/processor.go:187.3,187.40 1 0
github.com/chege/git-lord/internal/processor/processor.go:187.40,189.4 1 0
github.com/chege/git-lord/internal/processor/processor.go:191.3,195.71 4 0
github.com/chege/git-lord/internal/processor/processor.go:195.71,197.4 1 0
github.com/chege/git-lord/internal/processor/processor.go:199.3,200.80 2 0
github.com/chege/git-lord/internal/processor/processor.go:200.80,202.4 1 0
github.com/chege/git-lord/internal/processor/processor.go:204.3,204.21 1 0
github.com/chege/git-lord/internal/processor/processor.go:204.21,206.4 1 0
github.com/chege/git-lord/internal/processor/processor.go:208.3,208.42 1 0
github.com/chege/git-lord/internal/processor/processor.go:208.42,210.4 1 0
github.com/chege/git-lord/internal/processor/processor.go:212.3,214.60 3 0
github.com/chege/git-lord/internal/processor/processor.go:217.2,217.30 1 0
github.com/chege/git-lord/internal/processor/processor.go:217.30,220.33 3 0
github.com/chege/git-lord/internal/processor/processor.go:220.33,222.4 1 0
github.com/chege/git-lord/internal/processor/processor.go:224.3,226.34 2 0
github.com/chege/git-lord/internal/processor/processor.go:226.34,227.41 1 0
github.com/chege/git-lord/internal/processor/processor.go:227.41,229.34 2 0
github.com/chege/git-lord/internal/processor/processor.go:229.34,231.6 1 0
github.com/chege/git-lord/internal/processor/processor.go:232.5,232.33 1 0
github.com/chege/git-lord/internal/processor/processor.go:236.3,236.52 1 0
github.com/chege/git-lord/internal/processor/processor.go:236.52,238.33 2 0
github.com/chege/git-lord/internal/processor/processor.go:238.33,245.5 1 0
github.com/chege/git-lord/internal/processor/processor.go:246.4,253.34 7 0
github.com/chege/git-lord/internal/processor/processor.go:253.34,254.51 1 0
github.com/chege/git-lord/internal/processor/processor.go:254.51,256.6 1 0
github.com/chege/git-lord/internal/processor/processor.go:261.2,261.47 1 0
github.com/chege/git-lord/internal/processor/processor.go:261.47,262.52 1 0
github.com/chege/git-lord/internal/processor/processor.go:262.52,262.92 1 0
github.com/chege/git-lord/internal/processor/processor.go:264.3,270.40 6 0
github.com/chege/git-lord/internal/processor/processor.go:270.40,272.21 2 0
github.com/chege/git-lord/internal/processor/processor.go:272.21,274.5 1 0
github.com/chege/git-lord/internal/processor/processor.go:277.3,277.29 1 0
github.com/chege/git-lord/internal/processor/processor.go:280.2,289.3 3 0
github.com/chege/git-lord/internal/processor/processor.go:292.85,293.40 1 1
github.com/chege/git-lord/internal/processor/processor.go:293.40,295.3 1 1
github.com/chege/git-lord/internal/processor/processor.go:297.2,298.28 2 1
github.com/chege/git-lord/internal/processor/processor.go:298.28,300.3 1 1
github.com/chege/git-lord/internal/processor/processor.go:301.2,307.27 5 1
github.com/chege/git-lord/internal/processor/processor.go:307.27,310.29 3 1
github.com/chege/git-lord/internal/processor/processor.go:310.29,311.9 1 1
github.com/chege/git-lord/internal/processor/processor.go:314.2,314.14 1 1
